<?xml version="1.0" encoding="UTF-8"?>
<!-- Generated by org.testng.reporters.JUnitReportReporter -->
<testsuite skipped="0" hostname="AKK-DEV-QA-AUTO-01" name="Testcases.LoginTest" tests="1" failures="0" timestamp="21 May 2018 14:25:47 GMT" time="2.970" errors="0">
  <testcase name="loginasPMEAdmin" time="2.970" classname="Testcases.LoginTest"/>
</testsuite> <!-- Testcases.LoginTest -->
